<?xml version="1.0" encoding="UTF-8"?>
<coverage generated="1779489724121" clover="3.2.0">
  <project timestamp="1779489724121" name="All files">
    <metrics statements="12" coveredstatements="12" conditionals="6" coveredconditionals="6" methods="3" coveredmethods="3" elements="21" coveredelements="21" complexity="0" loc="12" ncloc="12" packages="1" files="1" classes="1"/>
    <file name="producto.js" path="/Users/archu/Parcial1/libreria-parcial-carlos-baron/src/producto.js">
      <metrics statements="12" coveredstatements="12" conditionals="6" coveredconditionals="6" methods="3" coveredmethods="3"/>
      <line num="3" count="8" type="cond" truecount="2" falsecount="0"/>
      <line num="4" count="2" type="stmt"/>
      <line num="6" count="6" type="stmt"/>
      <line num="7" count="6" type="stmt"/>
      <line num="8" count="6" type="stmt"/>
      <line num="12" count="4" type="cond" truecount="4" falsecount="0"/>
      <line num="13" count="2" type="stmt"/>
      <line num="15" count="2" type="stmt"/>
      <line num="19" count="2" type="stmt"/>
      <line num="20" count="2" type="stmt"/>
      <line num="21" count="2" type="stmt"/>
      <line num="24" count="3" type="stmt"/>
    </file>
  </project>
</coverage>
